Starting command 2: child 9676 pid of parent 9674
A1.txt = [ 
10 30 40 50  0  0  0  0 
 0  0  0  0  0  0  0  0 
 0  0  0  0  0  0  0  0 
 0  0  0  0  0  0  0  0 
 0  0  0  0  0  0  0  0 
 0  0  0  0  0  0  0  0 
 0  0  0  0  0  0  0  0 
 0  0  0  0  0  0  0  0 
]
W2.txt = [ 
10  3  4  5  1  0  0  0 
20  4  5  0  0  0  0  0 
10  1  5  0  0  0  0  0 
10  0  0  0  0  0  0  0 
20  0  0  0  0  0  0  0 
 0  0  0  0  0  0  0  0 
 0  0  0  0  0  0  0  0 
 0  0  0  0  0  0  0  0 
]
Finished command 2: child 9676 pid of parent 9674
Exited with exitcode = 256
